<?xml version="1.0" encoding="UTF-8"?>
<coverage generated="1563162880826" clover="3.2.0">
  <project timestamp="1563162880826" name="All files">
    <metrics statements="81" coveredstatements="76" conditionals="12" coveredconditionals="9" methods="13" coveredmethods="13" elements="106" coveredelements="98" complexity="0" loc="81" ncloc="81" packages="2" files="2" classes="2">
      <package name="src">
        <metrics statements="69" coveredstatements="66" conditionals="6" coveredconditionals="5" methods="12" coveredmethods="12"/>
        <file name="app.ts" path="/Users/jack/code/menu-factory/src/app.ts">
          <metrics statements="69" coveredstatements="66" conditionals="6" coveredconditionals="5" methods="12" coveredmethods="12"/>
          <line num="1" count="1" type="stmt"/>
          <line num="2" count="1" type="stmt"/>
          <line num="3" count="1" type="stmt"/>
          <line num="4" count="1" type="stmt"/>
          <line num="6" count="1" type="stmt"/>
          <line num="10" count="1" type="stmt"/>
          <line num="13" count="1" type="stmt"/>
          <line num="14" count="1" type="stmt"/>
          <line num="16" count="1" type="stmt"/>
          <line num="17" count="1" type="stmt"/>
          <line num="23" count="1" type="stmt"/>
          <line num="24" count="19" type="stmt"/>
          <line num="25" count="19" type="stmt"/>
          <line num="29" count="19" type="stmt"/>
          <line num="32" count="1" type="stmt"/>
          <line num="34" count="1" type="stmt"/>
          <line num="35" count="3" type="stmt"/>
          <line num="36" count="4" type="stmt"/>
          <line num="37" count="4" type="stmt"/>
          <line num="41" count="1" type="stmt"/>
          <line num="42" count="4" type="stmt"/>
          <line num="44" count="4" type="stmt"/>
          <line num="45" count="4" type="stmt"/>
          <line num="46" count="3" type="stmt"/>
          <line num="50" count="3" type="stmt"/>
          <line num="52" count="1" type="stmt"/>
          <line num="56" count="1" type="stmt"/>
          <line num="57" count="1" type="stmt"/>
          <line num="58" count="1" type="stmt"/>
          <line num="59" count="1" type="stmt"/>
          <line num="61" count="1" type="stmt"/>
          <line num="63" count="1" type="stmt"/>
          <line num="65" count="0" type="stmt"/>
          <line num="69" count="1" type="stmt"/>
          <line num="70" count="4" type="stmt"/>
          <line num="72" count="4" type="stmt"/>
          <line num="73" count="4" type="cond" truecount="2" falsecount="0"/>
          <line num="74" count="1" type="stmt"/>
          <line num="77" count="3" type="stmt"/>
          <line num="78" count="3" type="stmt"/>
          <line num="83" count="3" type="stmt"/>
          <line num="87" count="3" type="stmt"/>
          <line num="89" count="1" type="stmt"/>
          <line num="93" count="1" type="stmt"/>
          <line num="94" count="1" type="stmt"/>
          <line num="95" count="1" type="stmt"/>
          <line num="96" count="1" type="stmt"/>
          <line num="98" count="1" type="stmt"/>
          <line num="100" count="1" type="stmt"/>
          <line num="102" count="0" type="stmt"/>
          <line num="106" count="1" type="stmt"/>
          <line num="107" count="4" type="stmt"/>
          <line num="109" count="4" type="stmt"/>
          <line num="110" count="4" type="cond" truecount="2" falsecount="0"/>
          <line num="111" count="1" type="stmt"/>
          <line num="114" count="3" type="stmt"/>
          <line num="115" count="3" type="stmt"/>
          <line num="121" count="3" type="stmt"/>
          <line num="125" count="3" type="stmt"/>
          <line num="127" count="1" type="stmt"/>
          <line num="131" count="1" type="stmt"/>
          <line num="132" count="1" type="stmt"/>
          <line num="133" count="1" type="stmt"/>
          <line num="134" count="1" type="stmt"/>
          <line num="136" count="1" type="stmt"/>
          <line num="138" count="1" type="stmt"/>
          <line num="140" count="0" type="stmt"/>
          <line num="144" count="1" type="stmt"/>
          <line num="146" count="1" type="stmt"/>
        </file>
      </package>
      <package name="src.types">
        <metrics statements="12" coveredstatements="10" conditionals="6" coveredconditionals="4" methods="1" coveredmethods="1"/>
        <file name="Menu.ts" path="/Users/jack/code/menu-factory/src/types/Menu.ts">
          <metrics statements="12" coveredstatements="10" conditionals="6" coveredconditionals="4" methods="1" coveredmethods="1"/>
          <line num="2" count="1" type="stmt"/>
          <line num="4" count="1" type="stmt"/>
          <line num="11" count="4" type="stmt"/>
          <line num="12" count="4" type="stmt"/>
          <line num="13" count="4" type="stmt"/>
          <line num="14" count="4" type="stmt"/>
          <line num="16" count="4" type="cond" truecount="2" falsecount="0"/>
          <line num="17" count="1" type="stmt"/>
          <line num="19" count="3" type="cond" truecount="1" falsecount="1"/>
          <line num="20" count="0" type="stmt"/>
          <line num="22" count="3" type="cond" truecount="1" falsecount="1"/>
          <line num="23" count="0" type="stmt"/>
        </file>
      </package>
    </metrics>
  </project>
</coverage>
