{"/Users/jack/code/menu-factory/src/app.ts": {"path":"/Users/jack/code/menu-factory/src/app.ts","statementMap":{"0":{"start":{"line":1,"column":0},"end":{"line":1,"column":29}},"1":{"start":{"line":2,"column":0},"end":{"line":2,"column":23}},"2":{"start":{"line":3,"column":0},"end":{"line":3,"column":46}},"3":{"start":{"line":4,"column":0},"end":{"line":4,"column":27}},"4":{"start":{"line":6,"column":0},"end":{"line":6,"column":31}},"5":{"start":{"line":10,"column":16},"end":{"line":12,"column":1}},"6":{"start":{"line":13,"column":11},"end":{"line":13,"column":23}},"7":{"start":{"line":14,"column":12},"end":{"line":14,"column":21}},"8":{"start":{"line":16,"column":0},"end":{"line":16,"column":24}},"9":{"start":{"line":17,"column":0},"end":{"line":21,"column":11}},"10":{"start":{"line":23,"column":0},"end":{"line":30,"column":3}},"11":{"start":{"line":24,"column":2},"end":{"line":24,"column":49}},"12":{"start":{"line":25,"column":2},"end":{"line":28,"column":4}},"13":{"start":{"line":29,"column":2},"end":{"line":29,"column":9}},"14":{"start":{"line":32,"column":17},"end":{"line":32,"column":52}},"15":{"start":{"line":34,"column":0},"end":{"line":39,"column":3}},"16":{"start":{"line":35,"column":2},"end":{"line":38,"column":5}},"17":{"start":{"line":36,"column":20},"end":{"line":36,"column":42}},"18":{"start":{"line":37,"column":4},"end":{"line":37,"column":36}},"19":{"start":{"line":41,"column":0},"end":{"line":54,"column":3}},"20":{"start":{"line":42,"column":41},"end":{"line":42,"column":54}},"21":{"start":{"line":44,"column":2},"end":{"line":53,"column":3}},"22":{"start":{"line":45,"column":17},"end":{"line":45,"column":53}},"23":{"start":{"line":46,"column":4},"end":{"line":49,"column":15}},"24":{"start":{"line":50,"column":4},"end":{"line":50,"column":30}},"25":{"start":{"line":52,"column":4},"end":{"line":52,"column":39}},"26":{"start":{"line":56,"column":0},"end":{"line":67,"column":3}},"27":{"start":{"line":57,"column":2},"end":{"line":66,"column":3}},"28":{"start":{"line":58,"column":29},"end":{"line":58,"column":39}},"29":{"start":{"line":59,"column":4},"end":{"line":62,"column":15}},"30":{"start":{"line":61,"column":26},"end":{"line":61,"column":41}},"31":{"start":{"line":63,"column":4},"end":{"line":63,"column":31}},"32":{"start":{"line":65,"column":4},"end":{"line":65,"column":39}},"33":{"start":{"line":69,"column":0},"end":{"line":91,"column":3}},"34":{"start":{"line":70,"column":32},"end":{"line":70,"column":51}},"35":{"start":{"line":72,"column":2},"end":{"line":90,"column":3}},"36":{"start":{"line":73,"column":4},"end":{"line":75,"column":5}},"37":{"start":{"line":74,"column":6},"end":{"line":74,"column":42}},"38":{"start":{"line":77,"column":15},"end":{"line":77,"column":23}},"39":{"start":{"line":78,"column":35},"end":{"line":82,"column":5}},"40":{"start":{"line":83,"column":4},"end":{"line":86,"column":15}},"41":{"start":{"line":87,"column":4},"end":{"line":87,"column":21}},"42":{"start":{"line":89,"column":4},"end":{"line":89,"column":39}},"43":{"start":{"line":93,"column":0},"end":{"line":104,"column":3}},"44":{"start":{"line":94,"column":2},"end":{"line":103,"column":3}},"45":{"start":{"line":95,"column":29},"end":{"line":95,"column":39}},"46":{"start":{"line":96,"column":4},"end":{"line":99,"column":15}},"47":{"start":{"line":98,"column":26},"end":{"line":98,"column":41}},"48":{"start":{"line":100,"column":4},"end":{"line":100,"column":31}},"49":{"start":{"line":102,"column":4},"end":{"line":102,"column":39}},"50":{"start":{"line":106,"column":0},"end":{"line":129,"column":3}},"51":{"start":{"line":107,"column":45},"end":{"line":107,"column":60}},"52":{"start":{"line":109,"column":2},"end":{"line":128,"column":3}},"53":{"start":{"line":110,"column":4},"end":{"line":112,"column":5}},"54":{"start":{"line":111,"column":6},"end":{"line":111,"column":42}},"55":{"start":{"line":114,"column":15},"end":{"line":114,"column":23}},"56":{"start":{"line":115,"column":31},"end":{"line":120,"column":5}},"57":{"start":{"line":121,"column":4},"end":{"line":124,"column":15}},"58":{"start":{"line":125,"column":4},"end":{"line":125,"column":21}},"59":{"start":{"line":127,"column":4},"end":{"line":127,"column":39}},"60":{"start":{"line":131,"column":0},"end":{"line":142,"column":3}},"61":{"start":{"line":132,"column":2},"end":{"line":141,"column":3}},"62":{"start":{"line":133,"column":29},"end":{"line":133,"column":39}},"63":{"start":{"line":134,"column":4},"end":{"line":137,"column":15}},"64":{"start":{"line":136,"column":26},"end":{"line":136,"column":41}},"65":{"start":{"line":138,"column":4},"end":{"line":138,"column":31}},"66":{"start":{"line":140,"column":4},"end":{"line":140,"column":39}},"67":{"start":{"line":144,"column":0},"end":{"line":144,"column":21}},"68":{"start":{"line":146,"column":0},"end":{"line":146,"column":19}}},"fnMap":{"0":{"name":"(anonymous_1)","decl":{"start":{"line":23,"column":8},"end":{"line":23,"column":9}},"loc":{"start":{"line":23,"column":27},"end":{"line":30,"column":1}}},"1":{"name":"(anonymous_2)","decl":{"start":{"line":34,"column":17},"end":{"line":34,"column":18}},"loc":{"start":{"line":34,"column":36},"end":{"line":39,"column":1}}},"2":{"name":"(anonymous_3)","decl":{"start":{"line":35,"column":24},"end":{"line":35,"column":25}},"loc":{"start":{"line":35,"column":37},"end":{"line":38,"column":3}}},"3":{"name":"(anonymous_4)","decl":{"start":{"line":41,"column":19},"end":{"line":41,"column":20}},"loc":{"start":{"line":41,"column":32},"end":{"line":54,"column":1}}},"4":{"name":"(anonymous_5)","decl":{"start":{"line":56,"column":25},"end":{"line":56,"column":26}},"loc":{"start":{"line":56,"column":38},"end":{"line":67,"column":1}}},"5":{"name":"(anonymous_6)","decl":{"start":{"line":61,"column":14},"end":{"line":61,"column":15}},"loc":{"start":{"line":61,"column":26},"end":{"line":61,"column":41}}},"6":{"name":"(anonymous_7)","decl":{"start":{"line":69,"column":25},"end":{"line":69,"column":26}},"loc":{"start":{"line":69,"column":38},"end":{"line":91,"column":1}}},"7":{"name":"(anonymous_8)","decl":{"start":{"line":93,"column":31},"end":{"line":93,"column":32}},"loc":{"start":{"line":93,"column":44},"end":{"line":104,"column":1}}},"8":{"name":"(anonymous_9)","decl":{"start":{"line":98,"column":14},"end":{"line":98,"column":15}},"loc":{"start":{"line":98,"column":26},"end":{"line":98,"column":41}}},"9":{"name":"(anonymous_10)","decl":{"start":{"line":106,"column":21},"end":{"line":106,"column":22}},"loc":{"start":{"line":106,"column":34},"end":{"line":129,"column":1}}},"10":{"name":"(anonymous_11)","decl":{"start":{"line":131,"column":27},"end":{"line":131,"column":28}},"loc":{"start":{"line":131,"column":40},"end":{"line":142,"column":1}}},"11":{"name":"(anonymous_12)","decl":{"start":{"line":136,"column":14},"end":{"line":136,"column":15}},"loc":{"start":{"line":136,"column":26},"end":{"line":136,"column":41}}}},"branchMap":{"0":{"loc":{"start":{"line":11,"column":36},"end":{"line":11,"column":47}},"type":"cond-expr","locations":[{"start":{"line":11,"column":36},"end":{"line":11,"column":47}},{"start":{"line":11,"column":50},"end":{"line":11,"column":59}}]},"1":{"loc":{"start":{"line":73,"column":4},"end":{"line":75,"column":5}},"type":"if","locations":[{"start":{"line":73,"column":4},"end":{"line":75,"column":5}},{"start":{"line":73,"column":4},"end":{"line":75,"column":5}}]},"2":{"loc":{"start":{"line":110,"column":4},"end":{"line":112,"column":5}},"type":"if","locations":[{"start":{"line":110,"column":4},"end":{"line":112,"column":5}},{"start":{"line":110,"column":4},"end":{"line":112,"column":5}}]}},"s":{"0":1,"1":1,"2":1,"3":1,"4":1,"5":1,"6":1,"7":1,"8":1,"9":1,"10":1,"11":19,"12":19,"13":19,"14":1,"15":1,"16":3,"17":4,"18":4,"19":1,"20":4,"21":4,"22":4,"23":3,"24":3,"25":1,"26":1,"27":1,"28":1,"29":1,"30":1,"31":1,"32":0,"33":1,"34":4,"35":4,"36":4,"37":1,"38":3,"39":3,"40":3,"41":3,"42":1,"43":1,"44":1,"45":1,"46":1,"47":1,"48":1,"49":0,"50":1,"51":4,"52":4,"53":4,"54":1,"55":3,"56":3,"57":3,"58":3,"59":1,"60":1,"61":1,"62":1,"63":1,"64":1,"65":1,"66":0,"67":1,"68":1},"f":{"0":19,"1":3,"2":4,"3":4,"4":1,"5":1,"6":4,"7":1,"8":1,"9":4,"10":1,"11":1},"b":{"0":[1,0],"1":[1,3],"2":[1,3]}}
,"/Users/jack/code/menu-factory/src/types/Menu.ts": {"path":"/Users/jack/code/menu-factory/src/types/Menu.ts","statementMap":{"0":{"start":{"line":2,"column":0},"end":{"line":2,"column":27}},"1":{"start":{"line":11,"column":4},"end":{"line":11,"column":23}},"2":{"start":{"line":12,"column":4},"end":{"line":12,"column":21}},"3":{"start":{"line":13,"column":4},"end":{"line":13,"column":27}},"4":{"start":{"line":14,"column":4},"end":{"line":14,"column":35}},"5":{"start":{"line":16,"column":4},"end":{"line":18,"column":5}},"6":{"start":{"line":17,"column":6},"end":{"line":17,"column":50}},"7":{"start":{"line":19,"column":4},"end":{"line":21,"column":5}},"8":{"start":{"line":20,"column":6},"end":{"line":20,"column":49}},"9":{"start":{"line":22,"column":4},"end":{"line":24,"column":5}},"10":{"start":{"line":23,"column":6},"end":{"line":23,"column":46}},"11":{"start":{"line":4,"column":0},"end":{"line":26,"column":1}}},"fnMap":{"0":{"name":"(anonymous_1)","decl":{"start":{"line":10,"column":2},"end":{"line":10,"column":13}},"loc":{"start":{"line":10,"column":67},"end":{"line":25,"column":3}}}},"branchMap":{"0":{"loc":{"start":{"line":16,"column":4},"end":{"line":18,"column":5}},"type":"if","locations":[{"start":{"line":16,"column":4},"end":{"line":18,"column":5}},{"start":{"line":16,"column":4},"end":{"line":18,"column":5}}]},"1":{"loc":{"start":{"line":19,"column":4},"end":{"line":21,"column":5}},"type":"if","locations":[{"start":{"line":19,"column":4},"end":{"line":21,"column":5}},{"start":{"line":19,"column":4},"end":{"line":21,"column":5}}]},"2":{"loc":{"start":{"line":22,"column":4},"end":{"line":24,"column":5}},"type":"if","locations":[{"start":{"line":22,"column":4},"end":{"line":24,"column":5}},{"start":{"line":22,"column":4},"end":{"line":24,"column":5}}]}},"s":{"0":1,"1":4,"2":4,"3":4,"4":4,"5":4,"6":1,"7":3,"8":0,"9":3,"10":0,"11":1},"f":{"0":4},"b":{"0":[1,3],"1":[0,3],"2":[0,3]}}
}
