TN:
SF:/Users/jack/code/menu-factory/src/app.ts
FN:23,(anonymous_1)
FN:34,(anonymous_2)
FN:35,(anonymous_3)
FN:41,(anonymous_4)
FN:56,(anonymous_5)
FN:61,(anonymous_6)
FN:69,(anonymous_7)
FN:93,(anonymous_8)
FN:98,(anonymous_9)
FN:106,(anonymous_10)
FN:131,(anonymous_11)
FN:136,(anonymous_12)
FNF:12
FNH:12
FNDA:19,(anonymous_1)
FNDA:3,(anonymous_2)
FNDA:4,(anonymous_3)
FNDA:4,(anonymous_4)
FNDA:1,(anonymous_5)
FNDA:1,(anonymous_6)
FNDA:4,(anonymous_7)
FNDA:1,(anonymous_8)
FNDA:1,(anonymous_9)
FNDA:4,(anonymous_10)
FNDA:1,(anonymous_11)
FNDA:1,(anonymous_12)
DA:1,1
DA:2,1
DA:3,1
DA:4,1
DA:6,1
DA:10,1
DA:13,1
DA:14,1
DA:16,1
DA:17,1
DA:23,1
DA:24,19
DA:25,19
DA:29,19
DA:32,1
DA:34,1
DA:35,3
DA:36,4
DA:37,4
DA:41,1
DA:42,4
DA:44,4
DA:45,4
DA:46,3
DA:50,3
DA:52,1
DA:56,1
DA:57,1
DA:58,1
DA:59,1
DA:61,1
DA:63,1
DA:65,0
DA:69,1
DA:70,4
DA:72,4
DA:73,4
DA:74,1
DA:77,3
DA:78,3
DA:83,3
DA:87,3
DA:89,1
DA:93,1
DA:94,1
DA:95,1
DA:96,1
DA:98,1
DA:100,1
DA:102,0
DA:106,1
DA:107,4
DA:109,4
DA:110,4
DA:111,1
DA:114,3
DA:115,3
DA:121,3
DA:125,3
DA:127,1
DA:131,1
DA:132,1
DA:133,1
DA:134,1
DA:136,1
DA:138,1
DA:140,0
DA:144,1
DA:146,1
LF:69
LH:66
BRDA:11,0,0,1
BRDA:11,0,1,0
BRDA:73,1,0,1
BRDA:73,1,1,3
BRDA:110,2,0,1
BRDA:110,2,1,3
BRF:6
BRH:5
end_of_record
TN:
SF:/Users/jack/code/menu-factory/src/types/Menu.ts
FN:10,(anonymous_1)
FNF:1
FNH:1
FNDA:4,(anonymous_1)
DA:2,1
DA:4,1
DA:11,4
DA:12,4
DA:13,4
DA:14,4
DA:16,4
DA:17,1
DA:19,3
DA:20,0
DA:22,3
DA:23,0
LF:12
LH:10
BRDA:16,0,0,1
BRDA:16,0,1,3
BRDA:19,1,0,0
BRDA:19,1,1,3
BRDA:22,2,0,0
BRDA:22,2,1,3
BRF:6
BRH:4
end_of_record
